<?xml version="1.0" encoding="UTF-8"?>
<!-- Generated by org.testng.reporters.JUnitXMLReporter -->
<testsuite hostname="aziiz" ignored="0" name="Default test" tests="3" failures="0" timestamp="24 Dec 2018 20:59:03 GMT" time="18.032" errors="0">
  <testcase name="gmailLinktest" time="0.12" classname="com.testng.GoogleTest"/>
  <testcase name="googleLogoTest" time="0.066" classname="com.testng.GoogleTest"/>
  <testcase name="googleTitleTest" time="0.015" classname="com.testng.GoogleTest"/>
</testsuite> <!-- Default test -->
