<?xml version="1.0" encoding="UTF-8"?>
<testng-results skipped="0" failed="0" ignored="0" total="17" passed="17">
  <reporter-output>
  </reporter-output>
  <suite name="TestNG Training" duration-ms="6730" started-at="2018-12-25T20:01:43Z" finished-at="2018-12-25T20:01:50Z">
    <groups>
      <group name="Title Test">
        <method signature="GooglePageValidationTest.googleTitleTest()[pri:3, instance:com.testng.GooglePageValidationTest@2b98378d]" name="googleTitleTest" class="com.testng.GooglePageValidationTest"/>
        <method signature="GoogleTest.googleTitleTest()[pri:3, instance:com.testng.GoogleTest@475530b9]" name="googleTitleTest" class="com.testng.GoogleTest"/>
      </group> <!-- Title Test -->
      <group name="Link Test">
        <method signature="GoogleTest.gmailLinktest()[pri:2, instance:com.testng.GoogleTest@475530b9]" name="gmailLinktest" class="com.testng.GoogleTest"/>
      </group> <!-- Link Test -->
      <group name="Logo Test">
        <method signature="GooglePageValidationTest.googleLogoTest()[pri:1, instance:com.testng.GooglePageValidationTest@2b98378d]" name="googleLogoTest" class="com.testng.GooglePageValidationTest"/>
        <method signature="GoogleTest.googleLogoTest()[pri:1, instance:com.testng.GoogleTest@475530b9]" name="googleLogoTest" class="com.testng.GoogleTest"/>
      </group> <!-- Logo Test -->
    </groups>
    <test name="Practicing TestNG" duration-ms="6730" started-at="2018-12-25T20:01:43Z" finished-at="2018-12-25T20:01:50Z">
      <class name="com.testng.GooglePageValidationTest">
        <test-method status="PASS" signature="setUp()[pri:0, instance:com.testng.GooglePageValidationTest@2b98378d]" name="setUp" is-config="true" duration-ms="5629" started-at="2018-12-26T01:31:43Z" finished-at="2018-12-26T01:31:49Z">
          <reporter-output>
          </reporter-output>
        </test-method> <!-- setUp -->
        <test-method status="PASS" signature="googleLogoTest()[pri:1, instance:com.testng.GooglePageValidationTest@2b98378d]" name="googleLogoTest" duration-ms="108" started-at="2018-12-26T01:31:49Z" finished-at="2018-12-26T01:31:49Z">
          <reporter-output>
          </reporter-output>
        </test-method> <!-- googleLogoTest -->
        <test-method status="PASS" signature="tearDown()[pri:0, instance:com.testng.GooglePageValidationTest@2b98378d]" name="tearDown" is-config="true" duration-ms="838" started-at="2018-12-26T01:31:49Z" finished-at="2018-12-26T01:31:50Z">
          <reporter-output>
          </reporter-output>
        </test-method> <!-- tearDown -->
      </class> <!-- com.testng.GooglePageValidationTest -->
      <class name="com.testng.TestNGBasics">
        <test-method status="PASS" signature="setUp()[pri:0, instance:com.testng.TestNGBasics@cb5822]" name="setUp" is-config="true" duration-ms="12" started-at="2018-12-26T01:31:43Z" finished-at="2018-12-26T01:31:43Z">
          <reporter-output>
          </reporter-output>
        </test-method> <!-- setUp -->
        <test-method status="PASS" signature="launchBrowser()[pri:0, instance:com.testng.TestNGBasics@cb5822]" name="launchBrowser" is-config="true" duration-ms="1" started-at="2018-12-26T01:31:43Z" finished-at="2018-12-26T01:31:43Z">
          <reporter-output>
          </reporter-output>
        </test-method> <!-- launchBrowser -->
        <test-method status="PASS" signature="login()[pri:0, instance:com.testng.TestNGBasics@cb5822]" name="login" is-config="true" duration-ms="1" started-at="2018-12-26T01:31:43Z" finished-at="2018-12-26T01:31:43Z">
          <reporter-output>
          </reporter-output>
        </test-method> <!-- login -->
        <test-method status="PASS" signature="enterURL()[pri:0, instance:com.testng.TestNGBasics@cb5822]" name="enterURL" is-config="true" duration-ms="1" started-at="2018-12-26T01:31:43Z" finished-at="2018-12-26T01:31:43Z">
          <reporter-output>
          </reporter-output>
        </test-method> <!-- enterURL -->
        <test-method status="PASS" signature="googleTitleTest()[pri:0, instance:com.testng.TestNGBasics@cb5822]" name="googleTitleTest" duration-ms="3" started-at="2018-12-26T01:31:43Z" finished-at="2018-12-26T01:31:43Z">
          <reporter-output>
          </reporter-output>
        </test-method> <!-- googleTitleTest -->
        <test-method status="PASS" signature="logOut()[pri:0, instance:com.testng.TestNGBasics@cb5822]" name="logOut" is-config="true" duration-ms="0" started-at="2018-12-26T01:31:43Z" finished-at="2018-12-26T01:31:43Z">
          <reporter-output>
          </reporter-output>
        </test-method> <!-- logOut -->
        <test-method status="PASS" signature="enterURL()[pri:0, instance:com.testng.TestNGBasics@cb5822]" name="enterURL" is-config="true" duration-ms="0" started-at="2018-12-26T01:31:43Z" finished-at="2018-12-26T01:31:43Z">
          <reporter-output>
          </reporter-output>
        </test-method> <!-- enterURL -->
        <test-method status="PASS" signature="searchTest()[pri:0, instance:com.testng.TestNGBasics@cb5822]" name="searchTest" duration-ms="3" started-at="2018-12-26T01:31:43Z" finished-at="2018-12-26T01:31:43Z">
          <reporter-output>
          </reporter-output>
        </test-method> <!-- searchTest -->
        <test-method status="PASS" signature="logOut()[pri:0, instance:com.testng.TestNGBasics@cb5822]" name="logOut" is-config="true" duration-ms="2" started-at="2018-12-26T01:31:43Z" finished-at="2018-12-26T01:31:43Z">
          <reporter-output>
          </reporter-output>
        </test-method> <!-- logOut -->
        <test-method status="PASS" signature="deleteAllCookies()[pri:0, instance:com.testng.TestNGBasics@cb5822]" name="deleteAllCookies" is-config="true" duration-ms="1" started-at="2018-12-26T01:31:43Z" finished-at="2018-12-26T01:31:43Z">
          <reporter-output>
          </reporter-output>
        </test-method> <!-- deleteAllCookies -->
        <test-method status="PASS" signature="closeBrowser()[pri:0, instance:com.testng.TestNGBasics@cb5822]" name="closeBrowser" is-config="true" duration-ms="1" started-at="2018-12-26T01:31:50Z" finished-at="2018-12-26T01:31:50Z">
          <reporter-output>
          </reporter-output>
        </test-method> <!-- closeBrowser -->
        <test-method status="PASS" signature="generateTestReport()[pri:0, instance:com.testng.TestNGBasics@cb5822]" name="generateTestReport" is-config="true" duration-ms="1" started-at="2018-12-26T01:31:50Z" finished-at="2018-12-26T01:31:50Z">
          <reporter-output>
          </reporter-output>
        </test-method> <!-- generateTestReport -->
      </class> <!-- com.testng.TestNGBasics -->
      <class name="com.testng.InvocationCountTest">
        <test-method status="PASS" signature="sum()[pri:0, instance:com.testng.InvocationCountTest@1d057a39]" name="sum" duration-ms="3" started-at="2018-12-26T01:31:43Z" finished-at="2018-12-26T01:31:43Z">
          <reporter-output>
          </reporter-output>
        </test-method> <!-- sum -->
        <test-method status="PASS" signature="sum()[pri:0, instance:com.testng.InvocationCountTest@1d057a39]" name="sum" duration-ms="3" started-at="2018-12-26T01:31:43Z" finished-at="2018-12-26T01:31:43Z">
          <reporter-output>
          </reporter-output>
        </test-method> <!-- sum -->
        <test-method status="PASS" signature="sum()[pri:0, instance:com.testng.InvocationCountTest@1d057a39]" name="sum" duration-ms="3" started-at="2018-12-26T01:31:43Z" finished-at="2018-12-26T01:31:43Z">
          <reporter-output>
          </reporter-output>
        </test-method> <!-- sum -->
        <test-method status="PASS" signature="sum()[pri:0, instance:com.testng.InvocationCountTest@1d057a39]" name="sum" duration-ms="2" started-at="2018-12-26T01:31:43Z" finished-at="2018-12-26T01:31:43Z">
          <reporter-output>
          </reporter-output>
        </test-method> <!-- sum -->
        <test-method status="PASS" signature="sum()[pri:0, instance:com.testng.InvocationCountTest@1d057a39]" name="sum" duration-ms="3" started-at="2018-12-26T01:31:43Z" finished-at="2018-12-26T01:31:43Z">
          <reporter-output>
          </reporter-output>
        </test-method> <!-- sum -->
        <test-method status="PASS" signature="sum()[pri:0, instance:com.testng.InvocationCountTest@1d057a39]" name="sum" duration-ms="2" started-at="2018-12-26T01:31:43Z" finished-at="2018-12-26T01:31:43Z">
          <reporter-output>
          </reporter-output>
        </test-method> <!-- sum -->
        <test-method status="PASS" signature="sum()[pri:0, instance:com.testng.InvocationCountTest@1d057a39]" name="sum" duration-ms="2" started-at="2018-12-26T01:31:43Z" finished-at="2018-12-26T01:31:43Z">
          <reporter-output>
          </reporter-output>
        </test-method> <!-- sum -->
        <test-method status="PASS" signature="sum()[pri:0, instance:com.testng.InvocationCountTest@1d057a39]" name="sum" duration-ms="2" started-at="2018-12-26T01:31:43Z" finished-at="2018-12-26T01:31:43Z">
          <reporter-output>
          </reporter-output>
        </test-method> <!-- sum -->
        <test-method status="PASS" signature="sum()[pri:0, instance:com.testng.InvocationCountTest@1d057a39]" name="sum" duration-ms="2" started-at="2018-12-26T01:31:43Z" finished-at="2018-12-26T01:31:43Z">
          <reporter-output>
          </reporter-output>
        </test-method> <!-- sum -->
        <test-method status="PASS" signature="sum()[pri:0, instance:com.testng.InvocationCountTest@1d057a39]" name="sum" duration-ms="2" started-at="2018-12-26T01:31:43Z" finished-at="2018-12-26T01:31:43Z">
          <reporter-output>
          </reporter-output>
        </test-method> <!-- sum -->
        <test-method status="PASS" signature="sum()[pri:0, instance:com.testng.InvocationCountTest@1d057a39]" name="sum" duration-ms="2" started-at="2018-12-26T01:31:43Z" finished-at="2018-12-26T01:31:43Z">
          <reporter-output>
          </reporter-output>
        </test-method> <!-- sum -->
        <test-method status="PASS" signature="sum()[pri:0, instance:com.testng.InvocationCountTest@1d057a39]" name="sum" duration-ms="3" started-at="2018-12-26T01:31:43Z" finished-at="2018-12-26T01:31:43Z">
          <reporter-output>
          </reporter-output>
        </test-method> <!-- sum -->
      </class> <!-- com.testng.InvocationCountTest -->
      <class name="com.testng.ExpectedExceptions">
        <test-method status="PASS" signature="expectedExceptionsTestOne()[pri:0, instance:com.testng.ExpectedExceptions@4b9e13df]" name="expectedExceptionsTestOne" duration-ms="15" started-at="2018-12-26T01:31:43Z" finished-at="2018-12-26T01:31:43Z">
          <exception class="java.lang.ArithmeticException">
            <message>
              <![CDATA[/ by zero]]>
            </message>
            <full-stacktrace>
              <![CDATA[java.lang.ArithmeticException: / by zeroat com.testng.ExpectedExceptions.expectedExceptionsTestOne(ExpectedExceptions.java:11)at sun.reflect.NativeMethodAccessorImpl.invoke0(Native Method)at sun.reflect.NativeMethodAccessorImpl.invoke(Unknown Source)at sun.reflect.DelegatingMethodAccessorImpl.invoke(Unknown Source)at java.lang.reflect.Method.invoke(Unknown Source)at org.testng.internal.MethodInvocationHelper.invokeMethod(MethodInvocationHelper.java:124)at org.testng.internal.Invoker.invokeMethod(Invoker.java:571)at org.testng.internal.Invoker.invokeTestMethod(Invoker.java:707)at org.testng.internal.Invoker.invokeTestMethods(Invoker.java:979)at org.testng.internal.TestMethodWorker.invokeTestMethods(TestMethodWorker.java:125)at org.testng.internal.TestMethodWorker.run(TestMethodWorker.java:109)at org.testng.TestRunner.privateRun(TestRunner.java:648)at org.testng.TestRunner.run(TestRunner.java:505)at org.testng.SuiteRunner.runTest(SuiteRunner.java:455)at org.testng.SuiteRunner.runSequentially(SuiteRunner.java:450)at org.testng.SuiteRunner.privateRun(SuiteRunner.java:415)at org.testng.SuiteRunner.run(SuiteRunner.java:364)at org.testng.SuiteRunnerWorker.runSuite(SuiteRunnerWorker.java:52)at org.testng.SuiteRunnerWorker.run(SuiteRunnerWorker.java:84)at org.testng.TestNG.runSuitesSequentially(TestNG.java:1187)at org.testng.TestNG.runSuitesLocally(TestNG.java:1116)at org.testng.TestNG.runSuites(TestNG.java:1028)at org.testng.TestNG.run(TestNG.java:996)at org.testng.remote.AbstractRemoteTestNG.run(AbstractRemoteTestNG.java:114)at org.testng.remote.RemoteTestNG.initAndRun(RemoteTestNG.java:251)at org.testng.remote.RemoteTestNG.main(RemoteTestNG.java:77)]]>
            </full-stacktrace>
          </exception> <!-- java.lang.ArithmeticException -->
          <reporter-output>
          </reporter-output>
        </test-method> <!-- expectedExceptionsTestOne -->
        <test-method status="PASS" signature="expectedExceptionsTestTwo()[pri:0, instance:com.testng.ExpectedExceptions@4b9e13df]" name="expectedExceptionsTestTwo" duration-ms="5" started-at="2018-12-26T01:31:43Z" finished-at="2018-12-26T01:31:43Z">
          <exception class="java.lang.NumberFormatException">
            <message>
              <![CDATA[For input string: "Azeez"]]>
            </message>
            <full-stacktrace>
              <![CDATA[java.lang.NumberFormatException: For input string: "Azeez"at java.lang.NumberFormatException.forInputString(Unknown Source)at java.lang.Integer.parseInt(Unknown Source)at java.lang.Integer.parseInt(Unknown Source)at com.testng.ExpectedExceptions.expectedExceptionsTestTwo(ExpectedExceptions.java:18)at sun.reflect.NativeMethodAccessorImpl.invoke0(Native Method)at sun.reflect.NativeMethodAccessorImpl.invoke(Unknown Source)at sun.reflect.DelegatingMethodAccessorImpl.invoke(Unknown Source)at java.lang.reflect.Method.invoke(Unknown Source)at org.testng.internal.MethodInvocationHelper.invokeMethod(MethodInvocationHelper.java:124)at org.testng.internal.Invoker.invokeMethod(Invoker.java:571)at org.testng.internal.Invoker.invokeTestMethod(Invoker.java:707)at org.testng.internal.Invoker.invokeTestMethods(Invoker.java:979)at org.testng.internal.TestMethodWorker.invokeTestMethods(TestMethodWorker.java:125)at org.testng.internal.TestMethodWorker.run(TestMethodWorker.java:109)at org.testng.TestRunner.privateRun(TestRunner.java:648)at org.testng.TestRunner.run(TestRunner.java:505)at org.testng.SuiteRunner.runTest(SuiteRunner.java:455)at org.testng.SuiteRunner.runSequentially(SuiteRunner.java:450)at org.testng.SuiteRunner.privateRun(SuiteRunner.java:415)at org.testng.SuiteRunner.run(SuiteRunner.java:364)at org.testng.SuiteRunnerWorker.runSuite(SuiteRunnerWorker.java:52)at org.testng.SuiteRunnerWorker.run(SuiteRunnerWorker.java:84)at org.testng.TestNG.runSuitesSequentially(TestNG.java:1187)at org.testng.TestNG.runSuitesLocally(TestNG.java:1116)at org.testng.TestNG.runSuites(TestNG.java:1028)at org.testng.TestNG.run(TestNG.java:996)at org.testng.remote.AbstractRemoteTestNG.run(AbstractRemoteTestNG.java:114)at org.testng.remote.RemoteTestNG.initAndRun(RemoteTestNG.java:251)at org.testng.remote.RemoteTestNG.main(RemoteTestNG.java:77)]]>
            </full-stacktrace>
          </exception> <!-- java.lang.NumberFormatException -->
          <reporter-output>
          </reporter-output>
        </test-method> <!-- expectedExceptionsTestTwo -->
      </class> <!-- com.testng.ExpectedExceptions -->
    </test> <!-- Practicing TestNG -->
  </suite> <!-- TestNG Training -->
</testng-results>
