<?xml version="1.0" encoding="UTF-8"?>
<testng-results skipped="0" failed="1" ignored="0" total="2" passed="1">
  <reporter-output>
  </reporter-output>
  <suite name="Default suite" duration-ms="76612" started-at="2019-03-17T10:52:51Z" finished-at="2019-03-17T10:54:08Z">
    <groups>
    </groups>
    <test name="Default test" duration-ms="76612" started-at="2019-03-17T10:52:51Z" finished-at="2019-03-17T10:54:08Z">
      <class name="FreeCRMTestingHashMap.FreeCRMTesting">
        <test-method status="PASS" signature="setUp()[pri:0, instance:FreeCRMTestingHashMap.FreeCRMTesting@5c7fa833]" name="setUp" is-config="true" duration-ms="26200" started-at="2019-03-17T16:22:51Z" finished-at="2019-03-17T16:23:17Z">
          <reporter-output>
          </reporter-output>
        </test-method> <!-- setUp -->
        <test-method status="FAIL" signature="loginWithAzeezTest1()[pri:1, instance:FreeCRMTestingHashMap.FreeCRMTesting@5c7fa833]" name="loginWithAzeezTest1" duration-ms="21805" started-at="2019-03-17T16:23:17Z" finished-at="2019-03-17T16:23:39Z">
          <exception class="java.lang.NullPointerException">
            <full-stacktrace>
              <![CDATA[java.lang.NullPointerExceptionat FreeCRMTestingHashMap.FreeCRMTesting.loginWithAzeezTest1(FreeCRMTesting.java:119)at sun.reflect.NativeMethodAccessorImpl.invoke0(Native Method)at sun.reflect.NativeMethodAccessorImpl.invoke(NativeMethodAccessorImpl.java:62)at sun.reflect.DelegatingMethodAccessorImpl.invoke(DelegatingMethodAccessorImpl.java:43)at java.lang.reflect.Method.invoke(Method.java:498)at org.testng.internal.MethodInvocationHelper.invokeMethod(MethodInvocationHelper.java:124)at org.testng.internal.Invoker.invokeMethod(Invoker.java:571)at org.testng.internal.Invoker.invokeTestMethod(Invoker.java:707)at org.testng.internal.Invoker.invokeTestMethods(Invoker.java:979)at org.testng.internal.TestMethodWorker.invokeTestMethods(TestMethodWorker.java:125)at org.testng.internal.TestMethodWorker.run(TestMethodWorker.java:109)at org.testng.TestRunner.privateRun(TestRunner.java:648)at org.testng.TestRunner.run(TestRunner.java:505)at org.testng.SuiteRunner.runTest(SuiteRunner.java:455)at org.testng.SuiteRunner.runSequentially(SuiteRunner.java:450)at org.testng.SuiteRunner.privateRun(SuiteRunner.java:415)at org.testng.SuiteRunner.run(SuiteRunner.java:364)at org.testng.SuiteRunnerWorker.runSuite(SuiteRunnerWorker.java:52)at org.testng.SuiteRunnerWorker.run(SuiteRunnerWorker.java:84)at org.testng.TestNG.runSuitesSequentially(TestNG.java:1187)at org.testng.TestNG.runSuitesLocally(TestNG.java:1116)at org.testng.TestNG.runSuites(TestNG.java:1028)at org.testng.TestNG.run(TestNG.java:996)at org.testng.remote.AbstractRemoteTestNG.run(AbstractRemoteTestNG.java:114)at org.testng.remote.RemoteTestNG.initAndRun(RemoteTestNG.java:251)at org.testng.remote.RemoteTestNG.main(RemoteTestNG.java:77)]]>
            </full-stacktrace>
          </exception> <!-- java.lang.NullPointerException -->
          <reporter-output>
          </reporter-output>
        </test-method> <!-- loginWithAzeezTest1 -->
        <test-method status="PASS" signature="tearDown()[pri:0, instance:FreeCRMTestingHashMap.FreeCRMTesting@5c7fa833]" name="tearDown" is-config="true" duration-ms="984" started-at="2019-03-17T16:23:39Z" finished-at="2019-03-17T16:23:40Z">
          <reporter-output>
          </reporter-output>
        </test-method> <!-- tearDown -->
        <test-method status="PASS" signature="setUp()[pri:0, instance:FreeCRMTestingHashMap.FreeCRMTesting@5c7fa833]" name="setUp" is-config="true" duration-ms="23596" started-at="2019-03-17T16:23:40Z" finished-at="2019-03-17T16:24:04Z">
          <reporter-output>
          </reporter-output>
        </test-method> <!-- setUp -->
        <test-method status="PASS" signature="loginWithAzeezTest2()[pri:2, instance:FreeCRMTestingHashMap.FreeCRMTesting@5c7fa833]" name="loginWithAzeezTest2" duration-ms="3087" started-at="2019-03-17T16:24:04Z" finished-at="2019-03-17T16:24:07Z">
          <reporter-output>
          </reporter-output>
        </test-method> <!-- loginWithAzeezTest2 -->
        <test-method status="PASS" signature="tearDown()[pri:0, instance:FreeCRMTestingHashMap.FreeCRMTesting@5c7fa833]" name="tearDown" is-config="true" duration-ms="873" started-at="2019-03-17T16:24:07Z" finished-at="2019-03-17T16:24:08Z">
          <reporter-output>
          </reporter-output>
        </test-method> <!-- tearDown -->
      </class> <!-- FreeCRMTestingHashMap.FreeCRMTesting -->
    </test> <!-- Default test -->
  </suite> <!-- Default suite -->
</testng-results>
