<?xml version="1.0" encoding="UTF-8"?>
<testng-results skipped="0" failed="0" ignored="0" total="3" passed="3">
  <reporter-output>
  </reporter-output>
  <suite name="Default suite" duration-ms="18032" started-at="2018-12-24T20:58:45Z" finished-at="2018-12-24T20:59:03Z">
    <groups>
    </groups>
    <test name="Default test" duration-ms="18032" started-at="2018-12-24T20:58:45Z" finished-at="2018-12-24T20:59:03Z">
      <class name="com.testng.GoogleTest">
        <test-method status="PASS" signature="setUp()[pri:0, instance:com.testng.GoogleTest@4cc0edeb]" name="setUp" is-config="true" duration-ms="6302" started-at="2018-12-25T02:28:45Z" finished-at="2018-12-25T02:28:52Z">
          <reporter-output>
          </reporter-output>
        </test-method> <!-- setUp -->
        <test-method status="PASS" signature="gmailLinktest()[pri:0, instance:com.testng.GoogleTest@4cc0edeb]" name="gmailLinktest" duration-ms="120" started-at="2018-12-25T02:28:52Z" finished-at="2018-12-25T02:28:52Z">
          <reporter-output>
          </reporter-output>
        </test-method> <!-- gmailLinktest -->
        <test-method status="PASS" signature="tearDown()[pri:0, instance:com.testng.GoogleTest@4cc0edeb]" name="tearDown" is-config="true" duration-ms="1274" started-at="2018-12-25T02:28:52Z" finished-at="2018-12-25T02:28:53Z">
          <reporter-output>
          </reporter-output>
        </test-method> <!-- tearDown -->
        <test-method status="PASS" signature="setUp()[pri:0, instance:com.testng.GoogleTest@4cc0edeb]" name="setUp" is-config="true" duration-ms="4138" started-at="2018-12-25T02:28:53Z" finished-at="2018-12-25T02:28:57Z">
          <reporter-output>
          </reporter-output>
        </test-method> <!-- setUp -->
        <test-method status="PASS" signature="googleLogoTest()[pri:0, instance:com.testng.GoogleTest@4cc0edeb]" name="googleLogoTest" duration-ms="66" started-at="2018-12-25T02:28:57Z" finished-at="2018-12-25T02:28:57Z">
          <reporter-output>
          </reporter-output>
        </test-method> <!-- googleLogoTest -->
        <test-method status="PASS" signature="tearDown()[pri:0, instance:com.testng.GoogleTest@4cc0edeb]" name="tearDown" is-config="true" duration-ms="830" started-at="2018-12-25T02:28:57Z" finished-at="2018-12-25T02:28:58Z">
          <reporter-output>
          </reporter-output>
        </test-method> <!-- tearDown -->
        <test-method status="PASS" signature="setUp()[pri:0, instance:com.testng.GoogleTest@4cc0edeb]" name="setUp" is-config="true" duration-ms="4368" started-at="2018-12-25T02:28:58Z" finished-at="2018-12-25T02:29:02Z">
          <reporter-output>
          </reporter-output>
        </test-method> <!-- setUp -->
        <test-method status="PASS" signature="googleTitleTest()[pri:0, instance:com.testng.GoogleTest@4cc0edeb]" name="googleTitleTest" duration-ms="15" started-at="2018-12-25T02:29:02Z" finished-at="2018-12-25T02:29:02Z">
          <reporter-output>
          </reporter-output>
        </test-method> <!-- googleTitleTest -->
        <test-method status="PASS" signature="tearDown()[pri:0, instance:com.testng.GoogleTest@4cc0edeb]" name="tearDown" is-config="true" duration-ms="860" started-at="2018-12-25T02:29:02Z" finished-at="2018-12-25T02:29:03Z">
          <reporter-output>
          </reporter-output>
        </test-method> <!-- tearDown -->
      </class> <!-- com.testng.GoogleTest -->
    </test> <!-- Default test -->
  </suite> <!-- Default suite -->
</testng-results>
