<?xml version="1.0" encoding="UTF-8"?>
<!-- Generated by org.testng.reporters.JUnitXMLReporter -->
<testsuite hostname="aziiz" ignored="0" name="Practicing TestNG" tests="17" failures="0" timestamp="25 Dec 2018 20:06:07 GMT" time="7.139" errors="0">
  <testcase name="expectedExceptionsTestOne" time="0.007" classname="com.testng.ExpectedExceptions"/>
  <testcase name="expectedExceptionsTestTwo" time="0.003" classname="com.testng.ExpectedExceptions"/>
  <testcase name="sum" time="0.002" classname="com.testng.InvocationCountTest"/>
  <testcase name="sum" time="0.002" classname="com.testng.InvocationCountTest"/>
  <testcase name="sum" time="0.002" classname="com.testng.InvocationCountTest"/>
  <testcase name="sum" time="0.003" classname="com.testng.InvocationCountTest"/>
  <testcase name="sum" time="0.002" classname="com.testng.InvocationCountTest"/>
  <testcase name="sum" time="0.002" classname="com.testng.InvocationCountTest"/>
  <testcase name="sum" time="0.001" classname="com.testng.InvocationCountTest"/>
  <testcase name="sum" time="0.002" classname="com.testng.InvocationCountTest"/>
  <testcase name="sum" time="0.001" classname="com.testng.InvocationCountTest"/>
  <testcase name="sum" time="0.001" classname="com.testng.InvocationCountTest"/>
  <testcase name="sum" time="0.002" classname="com.testng.InvocationCountTest"/>
  <testcase name="sum" time="0.001" classname="com.testng.InvocationCountTest"/>
  <testcase name="googleTitleTest" time="0.002" classname="com.testng.TestNGBasics"/>
  <testcase name="searchTest" time="0.002" classname="com.testng.TestNGBasics"/>
  <testcase name="googleLogoTest" time="0.069" classname="com.testng.GooglePageValidationTest"/>
</testsuite> <!-- Practicing TestNG -->
